<?xml version="1.0" encoding="UTF-8"?>
<!-- Generated by org.testng.reporters.JUnitXMLReporter -->
<testsuite ignored="8" hostname="DESKTOP-BS0PI3B" failures="1" tests="1" name="Default test" time="21.957" errors="0" timestamp="2022-04-21T23:03:17 IST">
  <testcase classname="com.Testcases.TestScenario_001" name="Tc_010" time="14.1">
    <failure type="java.lang.AssertionError" message="expected [https://www.justrechargeit.com/SignUp.aspx] but found [https://www.justrechargeit.com/myaccount_directory.aspx]">
      <![CDATA[java.lang.AssertionError: expected [https://www.justrechargeit.com/SignUp.aspx] but found [https://www.justrechargeit.com/myaccount_directory.aspx]
at org.testng.Assert.fail(Assert.java:110)
at org.testng.Assert.failNotEquals(Assert.java:1413)
at org.testng.Assert.assertEqualsImpl(Assert.java:149)
at org.testng.Assert.assertEquals(Assert.java:131)
at org.testng.Assert.assertEquals(Assert.java:655)
at org.testng.Assert.assertEquals(Assert.java:665)
at com.Testcases.TestScenario_001.Tc_010(TestScenario_001.java:157)
at java.base/jdk.internal.reflect.NativeMethodAccessorImpl.invoke0(Native Method)
at java.base/jdk.internal.reflect.NativeMethodAccessorImpl.invoke(NativeMethodAccessorImpl.java:77)
at java.base/jdk.internal.reflect.DelegatingMethodAccessorImpl.invoke(DelegatingMethodAccessorImpl.java:43)
at java.base/java.lang.reflect.Method.invoke(Method.java:568)
at org.testng.internal.invokers.MethodInvocationHelper.invokeMethod(MethodInvocationHelper.java:135)
at org.testng.internal.invokers.TestInvoker.invokeMethod(TestInvoker.java:673)
at org.testng.internal.invokers.TestInvoker.invokeTestMethod(TestInvoker.java:220)
at org.testng.internal.invokers.MethodRunner.runInSequence(MethodRunner.java:50)
at org.testng.internal.invokers.TestInvoker$MethodInvocationAgent.invoke(TestInvoker.java:945)
at org.testng.internal.invokers.TestInvoker.invokeTestMethods(TestInvoker.java:193)
at org.testng.internal.invokers.TestMethodWorker.invokeTestMethods(TestMethodWorker.java:146)
at org.testng.internal.invokers.TestMethodWorker.run(TestMethodWorker.java:128)
at java.base/java.util.ArrayList.forEach(ArrayList.java:1511)
at org.testng.TestRunner.privateRun(TestRunner.java:808)
at org.testng.TestRunner.run(TestRunner.java:603)
at org.testng.SuiteRunner.runTest(SuiteRunner.java:429)
at org.testng.SuiteRunner.runSequentially(SuiteRunner.java:423)
at org.testng.SuiteRunner.privateRun(SuiteRunner.java:383)
at org.testng.SuiteRunner.run(SuiteRunner.java:326)
at org.testng.SuiteRunnerWorker.runSuite(SuiteRunnerWorker.java:52)
at org.testng.SuiteRunnerWorker.run(SuiteRunnerWorker.java:95)
at org.testng.TestNG.runSuitesSequentially(TestNG.java:1249)
at org.testng.TestNG.runSuitesLocally(TestNG.java:1169)
at org.testng.TestNG.runSuites(TestNG.java:1092)
at org.testng.TestNG.run(TestNG.java:1060)
at org.testng.remote.AbstractRemoteTestNG.run(AbstractRemoteTestNG.java:115)
at org.testng.remote.RemoteTestNG.initAndRun(RemoteTestNG.java:251)
at org.testng.remote.RemoteTestNG.main(RemoteTestNG.java:77)
]]>
    </failure>
  </testcase> <!-- Tc_010 -->
  <testcase classname="com.Testcases.TestScenario_001" name="Tc_001" time="0.0">
    <ignored/>
  </testcase> <!-- Tc_001 -->
  <testcase classname="com.Testcases.TestScenario_001" name="Tc_008" time="0.0">
    <ignored/>
  </testcase> <!-- Tc_008 -->
  <testcase classname="com.Testcases.TestScenario_001" name="Tc_006" time="0.0">
    <ignored/>
  </testcase> <!-- Tc_006 -->
  <testcase classname="com.Testcases.TestScenario_001" name="Tc_004" time="0.0">
    <ignored/>
  </testcase> <!-- Tc_004 -->
  <testcase classname="com.Testcases.TestScenario_001" name="Tc_007" time="0.0">
    <ignored/>
  </testcase> <!-- Tc_007 -->
  <testcase classname="com.Testcases.TestScenario_001" name="Tc_002" time="0.0">
    <ignored/>
  </testcase> <!-- Tc_002 -->
  <testcase classname="com.Testcases.TestScenario_001" name="Tc_005" time="0.0">
    <ignored/>
  </testcase> <!-- Tc_005 -->
  <testcase classname="com.Testcases.TestScenario_001" name="Tc_003" time="0.0">
    <ignored/>
  </testcase> <!-- Tc_003 -->
</testsuite> <!-- Default test -->
